<?xml version="1.0" encoding="UTF-8" standalone="yes"?>
<testsuites name="Add New Material" time="108" tests="3" failures="1" errors="0">
    <testsuite name="Add New Material" tests="3" failures="1" errors="0" time="108" timestamp="2019-08-14 10:12:41" hostname="gansat - NOTEEG-12802.nexus.local" id="Test Suites/Template Variable/Add New Material">
        <properties>
            <property name="deviceName" value=""/>
            <property name="devicePlatform" value=""/>
            <property name="logFolder" value="C:\\Users\\GANSAT\\Katalon Studio\\Adzu\\Reports\\Template Variable\\Add New Material\\20190814_101236"/>
            <property name="logFiles" value="C:\\Users\\GANSAT\\Katalon Studio\\Adzu\\Reports\\Template Variable\\Add New Material\\20190814_101236\\execution0.log"/>
            <property name="attachments" value="C:\\Users\\GANSAT\\Katalon Studio\\Adzu\\Reports\\Template Variable\\Add New Material\\20190814_101236\\1565774049481.png"/>
            <property name="hostName" value="gansat - NOTEEG-12802.nexus.local"/>
            <property name="os" value="Windows 10 64bit"/>
            <property name="katalonVersion" value="6.2.1.2"/>
            <property name="browser" value="Firefox 67.0"/>
            <property name="hostAddress" value="192.168.0.10"/>
            <property name="sessionId" value="17cfb68c-fbe7-4652-bafb-7f91e59cebd7"/>
            <property name="seleniumVersion" value="3.141.59"/>
            <property name="proxyInformation" value="ProxyInformation{proxyOption=NO_PROXY, proxyServerType=HTTP, password=, proxyServerAddress=, proxyServerPort=0}"/>
            <property name="platform" value="Windows 10"/>
        </properties>
        <testcase name="Test Cases/Application - Login/Login - STA" classname="Test Cases/Application - Login/Login - STA" status="PASSED">
            <system-out>2019-08-14 10:12:42 - [TEST_CASE][PASSED] - Test Cases/Application - Login/Login - STA: Test Cases/Application - Login/Login - STA&#xD;
&#xD;
2019-08-14 10:12:44 - [TEST_STEP][PASSED] - openBrowser(""): Browser is opened with url: ''&#xD;
&#xD;
2019-08-14 10:12:45 - [MESSAGE][INFO] - Starting 'Firefox' driver&#xD;
&#xD;
2019-08-14 10:12:45 - [MESSAGE][INFO] - Action delay is set to 1 seconds&#xD;
&#xD;
2019-08-14 10:12:58 - [MESSAGE][PASSED] - Browser is opened with url: ''&#xD;
&#xD;
2019-08-14 10:12:58 - [TEST_STEP][PASSED] - navigateToUrl("https://bt.adzu4-staging.codeworldwide.com/#"): Navigate to 'https://bt.adzu4-staging.codeworldwide.com/#' successfully&#xD;
&#xD;
2019-08-14 10:13:01 - [MESSAGE][PASSED] - Navigate to 'https://bt.adzu4-staging.codeworldwide.com/#' successfully&#xD;
&#xD;
2019-08-14 10:13:01 - [TEST_STEP][PASSED] - waitForElementPresent(findTestObject("Page_Base/Page_Base/login_username"), 15): Object 'Object Repository/Page_Base/Page_Base/login_username' is present&#xD;
&#xD;
2019-08-14 10:13:06 - [MESSAGE][PASSED] - Object 'Object Repository/Page_Base/Page_Base/login_username' is present&#xD;
&#xD;
2019-08-14 10:13:06 - [TEST_STEP][PASSED] - setText(findTestObject("Page_Base/Page_Base/login_username"), "satinder.gandhi@codeworldwide.com"): Text 'satinder.gandhi@codeworldwide.com' is set on object 'Object Repository/Page_Base/Page_Base/login_username'&#xD;
&#xD;
2019-08-14 10:13:09 - [MESSAGE][PASSED] - Text 'satinder.gandhi@codeworldwide.com' is set on object 'Object Repository/Page_Base/Page_Base/login_username'&#xD;
&#xD;
2019-08-14 10:13:09 - [TEST_STEP][PASSED] - waitForElementPresent(findTestObject("Page_Base/Page_Base/login_password"), 0): Object 'Object Repository/Page_Base/Page_Base/login_password' is present&#xD;
&#xD;
2019-08-14 10:13:09 - [MESSAGE][WARNING] - Timeout '0' is invalid. Using default page load timeout: '30'&#xD;
&#xD;
2019-08-14 10:13:10 - [MESSAGE][PASSED] - Object 'Object Repository/Page_Base/Page_Base/login_password' is present&#xD;
&#xD;
2019-08-14 10:13:10 - [TEST_STEP][PASSED] - setText(findTestObject("Page_Base/Page_Base/login_password"), "ADZU#os123"): Text 'ADZU#os123' is set on object 'Object Repository/Page_Base/Page_Base/login_password'&#xD;
&#xD;
2019-08-14 10:13:14 - [MESSAGE][PASSED] - Text 'ADZU#os123' is set on object 'Object Repository/Page_Base/Page_Base/login_password'&#xD;
&#xD;
2019-08-14 10:13:14 - [TEST_STEP][PASSED] - click(findTestObject("Login/LoginButton_STA")): Object: 'Object Repository/Login/LoginButton_STA' is clicked on&#xD;
&#xD;
2019-08-14 10:13:16 - [MESSAGE][PASSED] - Object: 'Object Repository/Login/LoginButton_STA' is clicked on&#xD;
&#xD;
2019-08-14 10:13:16 - [TEST_STEP][PASSED] - maximizeWindow(): Current window maximized&#xD;
&#xD;
2019-08-14 10:13:17 - [MESSAGE][PASSED] - Current window maximized&#xD;
&#xD;
2019-08-14 10:13:17 - [TEST_STEP][PASSED] - waitForElementPresent(findTestObject("Page_Base/Home Page/Page_Base/span_Satinder"), 1): Object 'Object Repository/Page_Base/Home Page/Page_Base/span_Satinder' is present&#xD;
&#xD;
2019-08-14 10:13:18 - [MESSAGE][PASSED] - Object 'Object Repository/Page_Base/Home Page/Page_Base/span_Satinder' is present&#xD;
&#xD;
2019-08-14 10:13:18 - [TEST_STEP][PASSED] - verifyElementText(findTestObject("Page_Base/Home Page/Page_Base/span_Satinder"), "Satinder"): Actual text and expected text of test object 'Object Repository/Page_Base/Home Page/Page_Base/span_Satinder' are matched.&#xD;
&#xD;
2019-08-14 10:13:20 - [MESSAGE][PASSED] - Actual text and expected text of test object 'Object Repository/Page_Base/Home Page/Page_Base/span_Satinder' are matched.</system-out>
            <system-err></system-err>
        </testcase>
        <testcase name="Test Cases/Template Variables/Open Material and Template" classname="Test Cases/Template Variables/Open Material and Template" status="PASSED">
            <system-out>2019-08-14 10:13:23 - [TEST_CASE][PASSED] - Test Cases/Template Variables/Open Material and Template: Test Cases/Template Variables/Open Material and Template&#xD;
&#xD;
2019-08-14 10:13:23 - [TEST_STEP][PASSED] - waitForElementVisible(findTestObject("Main Menu/Create Menu/a_Create"), 1): Object 'Object Repository/Main Menu/Create Menu/a_Create' is visible&#xD;
&#xD;
2019-08-14 10:13:26 - [MESSAGE][PASSED] - Object 'Object Repository/Main Menu/Create Menu/a_Create' is visible&#xD;
&#xD;
2019-08-14 10:13:26 - [TEST_STEP][PASSED] - click(findTestObject("Main Menu/Create Menu/a_Create")): Object: 'Object Repository/Main Menu/Create Menu/a_Create' is clicked on&#xD;
&#xD;
2019-08-14 10:13:28 - [MESSAGE][PASSED] - Object: 'Object Repository/Main Menu/Create Menu/a_Create' is clicked on&#xD;
&#xD;
2019-08-14 10:13:28 - [TEST_STEP][PASSED] - waitForPageLoad(0): Wait for page load successfully&#xD;
&#xD;
2019-08-14 10:13:28 - [MESSAGE][WARNING] - Timeout '0' is invalid. Using default page load timeout: '30'&#xD;
&#xD;
2019-08-14 10:13:29 - [MESSAGE][PASSED] - Wait for page load successfully&#xD;
&#xD;
2019-08-14 10:13:29 - [TEST_STEP][PASSED] - click(findTestObject("Main Menu/Create Menu/span_Materials  Templates")): Object: 'Object Repository/Main Menu/Create Menu/span_Materials  Templates' is clicked on&#xD;
&#xD;
2019-08-14 10:13:32 - [MESSAGE][PASSED] - Object: 'Object Repository/Main Menu/Create Menu/span_Materials  Templates' is clicked on&#xD;
&#xD;
2019-08-14 10:13:32 - [TEST_STEP][PASSED] - waitForPageLoad(0): Wait for page load successfully&#xD;
&#xD;
2019-08-14 10:13:32 - [MESSAGE][WARNING] - Timeout '0' is invalid. Using default page load timeout: '30'&#xD;
&#xD;
2019-08-14 10:13:33 - [MESSAGE][PASSED] - Wait for page load successfully</system-out>
            <system-err></system-err>
        </testcase>
        <testcase name="Test Cases/Template Variables/Save_template_variables" classname="Test Cases/Template Variables/Save_template_variables" status="FAILED">
            <failure type="FAILED" message="Test Cases/Template Variables/Save_template_variables FAILED.&#xA;Reason:&#xA;com.kms.katalon.core.exception.StepFailedException: Unable to get text of object 'Object Repository/Template_Variables/Add_TemplateVariable/Grid_Name_FirstValue'&#xD;&#xA;&#x9;at com.kms.katalon.core.webui.keyword.internal.WebUIKeywordMain.stepFailed(WebUIKeywordMain.groovy:64)&#xD;&#xA;&#x9;at com.kms.katalon.core.webui.keyword.internal.WebUIKeywordMain.runKeyword(WebUIKeywordMain.groovy:26)&#xD;&#xA;&#x9;at com.kms.katalon.core.webui.keyword.builtin.GetTextKeyword.getText(GetTextKeyword.groovy:88)&#xD;&#xA;&#x9;at com.kms.katalon.core.webui.keyword.builtin.GetTextKeyword.execute(GetTextKeyword.groovy:67)&#xD;&#xA;&#x9;at com.kms.katalon.core.keyword.internal.KeywordExecutor.executeKeywordForPlatform(KeywordExecutor.groovy:56)&#xD;&#xA;&#x9;at com.kms.katalon.core.webui.keyword.WebUiBuiltInKeywords.getText(WebUiBuiltInKeywords.groovy:874)&#xD;&#xA;&#x9;at com.kms.katalon.core.webui.keyword.WebUiBuiltInKeywords$getText$8.call(Unknown Source)&#xD;&#xA;&#x9;at Save_template_variables.run(Save_template_variables:44)&#xD;&#xA;&#x9;at com.kms.katalon.core.main.ScriptEngine.run(ScriptEngine.java:194)&#xD;&#xA;&#x9;at com.kms.katalon.core.main.ScriptEngine.runScriptAsRawText(ScriptEngine.java:119)&#xD;&#xA;&#x9;at com.kms.katalon.core.main.TestCaseExecutor.runScript(TestCaseExecutor.java:337)&#xD;&#xA;&#x9;at com.kms.katalon.core.main.TestCaseExecutor.doExecute(TestCaseExecutor.java:328)&#xD;&#xA;&#x9;at com.kms.katalon.core.main.TestCaseExecutor.processExecutionPhase(TestCaseExecutor.java:307)&#xD;&#xA;&#x9;at com.kms.katalon.core.main.TestCaseExecutor.accessMainPhase(TestCaseExecutor.java:299)&#xD;&#xA;&#x9;at com.kms.katalon.core.main.TestCaseExecutor.execute(TestCaseExecutor.java:233)&#xD;&#xA;&#x9;at com.kms.katalon.core.main.TestSuiteExecutor.accessTestCaseMainPhase(TestSuiteExecutor.java:133)&#xD;&#xA;&#x9;at com.kms.katalon.core.main.TestSuiteExecutor.accessTestSuiteMainPhase(TestSuiteExecutor.java:116)&#xD;&#xA;&#x9;at com.kms.katalon.core.main.TestSuiteExecutor.execute(TestSuiteExecutor.java:83)&#xD;&#xA;&#x9;at com.kms.katalon.core.main.TestCaseMain.startTestSuite(TestCaseMain.java:157)&#xD;&#xA;&#x9;at com.kms.katalon.core.main.TestCaseMain$startTestSuite$0.call(Unknown Source)&#xD;&#xA;&#x9;at TempTestSuite1565773956631.run(TempTestSuite1565773956631.groovy:35)&#xD;&#xA;Caused by: org.openqa.selenium.StaleElementReferenceException: The element reference of &lt;td&gt; is stale; either the element is no longer attached to the DOM, it is not in the current frame context, or the document has been refreshed&#xA;For documentation on this error, please visit: https://www.seleniumhq.org/exceptions/stale_element_reference.html&#xA;Build info: version: '3.141.59', revision: 'e82be7d358', time: '2018-11-14T08:25:53'&#xA;System info: host: 'NOTEEG-12802', ip: '192.168.0.10', os.name: 'Windows 10', os.arch: 'amd64', os.version: '10.0', java.version: '1.8.0_181'&#xA;Driver info: com.kms.katalon.core.webui.driver.firefox.CGeckoDriver&#xA;Capabilities {acceptInsecureCerts: true, browserName: firefox, browserVersion: 67.0.4, javascriptEnabled: true, moz:accessibilityChecks: false, moz:buildID: 20190619235627, moz:geckodriverVersion: 0.23.0, moz:headless: false, moz:processID: 8712, moz:profile: C:\Users\GANSAT\AppData\Loc..., moz:shutdownTimeout: 60000, moz:useNonSpecCompliantPointerOrigin: false, moz:webdriverClick: true, pageLoadStrategy: normal, platform: WINDOWS, platformName: WINDOWS, platformVersion: 10.0, proxy: Proxy(direct), rotatable: false, setWindowRect: true, strictFileInteractability: false, timeouts: {implicit: 0, pageLoad: 300000, script: 30000}, unhandledPromptBehavior: dismiss and notify}&#xA;Session ID: 17cfb68c-fbe7-4652-bafb-7f91e59cebd7&#xD;&#xA;&#x9;at org.openqa.selenium.remote.http.W3CHttpResponseCodec.createException(W3CHttpResponseCodec.java:187)&#xD;&#xA;&#x9;at org.openqa.selenium.remote.http.W3CHttpResponseCodec.decode(W3CHttpResponseCodec.java:122)&#xD;&#xA;&#x9;at org.openqa.selenium.remote.http.W3CHttpResponseCodec.decode(W3CHttpResponseCodec.java:49)&#xD;&#xA;&#x9;at org.openqa.selenium.remote.HttpCommandExecutor.execute(HttpCommandExecutor.java:158)&#xD;&#xA;&#x9;at org.openqa.selenium.remote.service.DriverCommandExecutor.execute(DriverCommandExecutor.java:83)&#xD;&#xA;&#x9;at org.openqa.selenium.remote.RemoteWebDriver.execute(RemoteWebDriver.java:552)&#xD;&#xA;&#x9;at com.kms.katalon.selenium.driver.CFirefoxDriver.execute(CFirefoxDriver.java:28)&#xD;&#xA;&#x9;at org.openqa.selenium.remote.RemoteWebElement.execute(RemoteWebElement.java:285)&#xD;&#xA;&#x9;at org.openqa.selenium.remote.RemoteWebElement.getText(RemoteWebElement.java:166)&#xD;&#xA;&#x9;at com.kms.katalon.core.webui.keyword.builtin.GetTextKeyword$_getText_closure1.doCall(GetTextKeyword.groovy:80)&#xD;&#xA;&#x9;at com.kms.katalon.core.webui.keyword.builtin.GetTextKeyword$_getText_closure1.call(GetTextKeyword.groovy)&#xD;&#xA;&#x9;at com.kms.katalon.core.webui.keyword.internal.WebUIKeywordMain.runKeyword(WebUIKeywordMain.groovy:20)&#xD;&#xA;&#x9;... 19 more&#xD;&#xA;"/>
            <system-out>2019-08-14 10:13:35 - [TEST_CASE][FAILED] - Test Cases/Template Variables/Save_template_variables: Test Cases/Template Variables/Save_template_variables FAILED.
Reason:
com.kms.katalon.core.exception.StepFailedException: Unable to get text of object 'Object Repository/Template_Variables/Add_TemplateVariable/Grid_Name_FirstValue'&#xD;
	at com.kms.katalon.core.webui.keyword.internal.WebUIKeywordMain.stepFailed(WebUIKeywordMain.groovy:64)&#xD;
	at com.kms.katalon.core.webui.keyword.internal.WebUIKeywordMain.runKeyword(WebUIKeywordMain.groovy:26)&#xD;
	at com.kms.katalon.core.webui.keyword.builtin.GetTextKeyword.getText(GetTextKeyword.groovy:88)&#xD;
	at com.kms.katalon.core.webui.keyword.builtin.GetTextKeyword.execute(GetTextKeyword.groovy:67)&#xD;
	at com.kms.katalon.core.keyword.internal.KeywordExecutor.executeKeywordForPlatform(KeywordExecutor.groovy:56)&#xD;
	at com.kms.katalon.core.webui.keyword.WebUiBuiltInKeywords.getText(WebUiBuiltInKeywords.groovy:874)&#xD;
	at com.kms.katalon.core.webui.keyword.WebUiBuiltInKeywords$getText$8.call(Unknown Source)&#xD;
	at Save_template_variables.run(Save_template_variables:44)&#xD;
	at com.kms.katalon.core.main.ScriptEngine.run(ScriptEngine.java:194)&#xD;
	at com.kms.katalon.core.main.ScriptEngine.runScriptAsRawText(ScriptEngine.java:119)&#xD;
	at com.kms.katalon.core.main.TestCaseExecutor.runScript(TestCaseExecutor.java:337)&#xD;
	at com.kms.katalon.core.main.TestCaseExecutor.doExecute(TestCaseExecutor.java:328)&#xD;
	at com.kms.katalon.core.main.TestCaseExecutor.processExecutionPhase(TestCaseExecutor.java:307)&#xD;
	at com.kms.katalon.core.main.TestCaseExecutor.accessMainPhase(TestCaseExecutor.java:299)&#xD;
	at com.kms.katalon.core.main.TestCaseExecutor.execute(TestCaseExecutor.java:233)&#xD;
	at com.kms.katalon.core.main.TestSuiteExecutor.accessTestCaseMainPhase(TestSuiteExecutor.java:133)&#xD;
	at com.kms.katalon.core.main.TestSuiteExecutor.accessTestSuiteMainPhase(TestSuiteExecutor.java:116)&#xD;
	at com.kms.katalon.core.main.TestSuiteExecutor.execute(TestSuiteExecutor.java:83)&#xD;
	at com.kms.katalon.core.main.TestCaseMain.startTestSuite(TestCaseMain.java:157)&#xD;
	at com.kms.katalon.core.main.TestCaseMain$startTestSuite$0.call(Unknown Source)&#xD;
	at TempTestSuite1565773956631.run(TempTestSuite1565773956631.groovy:35)&#xD;
Caused by: org.openqa.selenium.StaleElementReferenceException: The element reference of &lt;td&gt; is stale; either the element is no longer attached to the DOM, it is not in the current frame context, or the document has been refreshed
For documentation on this error, please visit: https://www.seleniumhq.org/exceptions/stale_element_reference.html
Build info: version: '3.141.59', revision: 'e82be7d358', time: '2018-11-14T08:25:53'
System info: host: 'NOTEEG-12802', ip: '192.168.0.10', os.name: 'Windows 10', os.arch: 'amd64', os.version: '10.0', java.version: '1.8.0_181'
Driver info: com.kms.katalon.core.webui.driver.firefox.CGeckoDriver
Capabilities {acceptInsecureCerts: true, browserName: firefox, browserVersion: 67.0.4, javascriptEnabled: true, moz:accessibilityChecks: false, moz:buildID: 20190619235627, moz:geckodriverVersion: 0.23.0, moz:headless: false, moz:processID: 8712, moz:profile: C:\Users\GANSAT\AppData\Loc..., moz:shutdownTimeout: 60000, moz:useNonSpecCompliantPointerOrigin: false, moz:webdriverClick: true, pageLoadStrategy: normal, platform: WINDOWS, platformName: WINDOWS, platformVersion: 10.0, proxy: Proxy(direct), rotatable: false, setWindowRect: true, strictFileInteractability: false, timeouts: {implicit: 0, pageLoad: 300000, script: 30000}, unhandledPromptBehavior: dismiss and notify}
Session ID: 17cfb68c-fbe7-4652-bafb-7f91e59cebd7&#xD;
	at org.openqa.selenium.remote.http.W3CHttpResponseCodec.createException(W3CHttpResponseCodec.java:187)&#xD;
	at org.openqa.selenium.remote.http.W3CHttpResponseCodec.decode(W3CHttpResponseCodec.java:122)&#xD;
	at org.openqa.selenium.remote.http.W3CHttpResponseCodec.decode(W3CHttpResponseCodec.java:49)&#xD;
	at org.openqa.selenium.remote.HttpCommandExecutor.execute(HttpCommandExecutor.java:158)&#xD;
	at org.openqa.selenium.remote.service.DriverCommandExecutor.execute(DriverCommandExecutor.java:83)&#xD;
	at org.openqa.selenium.remote.RemoteWebDriver.execute(RemoteWebDriver.java:552)&#xD;
	at com.kms.katalon.selenium.driver.CFirefoxDriver.execute(CFirefoxDriver.java:28)&#xD;
	at org.openqa.selenium.remote.RemoteWebElement.execute(RemoteWebElement.java:285)&#xD;
	at org.openqa.selenium.remote.RemoteWebElement.getText(RemoteWebElement.java:166)&#xD;
	at com.kms.katalon.core.webui.keyword.builtin.GetTextKeyword$_getText_closure1.doCall(GetTextKeyword.groovy:80)&#xD;
	at com.kms.katalon.core.webui.keyword.builtin.GetTextKeyword$_getText_closure1.call(GetTextKeyword.groovy)&#xD;
	at com.kms.katalon.core.webui.keyword.internal.WebUIKeywordMain.runKeyword(WebUIKeywordMain.groovy:20)&#xD;
	... 19 more&#xD;
&#xD;
&#xD;
2019-08-14 10:13:35 - [TEST_STEP][PASSED] - delay(2): Delayed 2 second(s)&#xD;
&#xD;
2019-08-14 10:13:38 - [MESSAGE][PASSED] - Delayed 2 second(s)&#xD;
&#xD;
2019-08-14 10:13:38 - [TEST_STEP][PASSED] - click(findTestObject("Template_Variables/Add_TemplateVariable/button_Add Variable")): Object: 'Object Repository/Template_Variables/Add_TemplateVariable/button_Add Variable' is clicked on&#xD;
&#xD;
2019-08-14 10:13:40 - [MESSAGE][PASSED] - Object: 'Object Repository/Template_Variables/Add_TemplateVariable/button_Add Variable' is clicked on&#xD;
&#xD;
2019-08-14 10:13:40 - [TEST_STEP][PASSED] - waitForPageLoad(0): Wait for page load successfully&#xD;
&#xD;
2019-08-14 10:13:40 - [MESSAGE][WARNING] - Timeout '0' is invalid. Using default page load timeout: '30'&#xD;
&#xD;
2019-08-14 10:13:41 - [MESSAGE][PASSED] - Wait for page load successfully&#xD;
&#xD;
2019-08-14 10:13:41 - [TEST_STEP][PASSED] - setText(findTestObject("Template_Variables/Add_TemplateVariable/input_Unique Name_form-control"), "Test123"): Text 'Test123' is set on object 'Object Repository/Template_Variables/Add_TemplateVariable/input_Unique Name_form-control'&#xD;
&#xD;
2019-08-14 10:13:45 - [MESSAGE][PASSED] - Text 'Test123' is set on object 'Object Repository/Template_Variables/Add_TemplateVariable/input_Unique Name_form-control'&#xD;
&#xD;
2019-08-14 10:13:45 - [TEST_STEP][PASSED] - delay(1): Delayed 1 second(s)&#xD;
&#xD;
2019-08-14 10:13:46 - [MESSAGE][PASSED] - Delayed 1 second(s)&#xD;
&#xD;
2019-08-14 10:13:46 - [TEST_STEP][PASSED] - click(findTestObject("Template_Variables/Add_TemplateVariable/span_Please select")): Object: 'Object Repository/Template_Variables/Add_TemplateVariable/span_Please select' is clicked on&#xD;
&#xD;
2019-08-14 10:13:48 - [MESSAGE][PASSED] - Object: 'Object Repository/Template_Variables/Add_TemplateVariable/span_Please select' is clicked on&#xD;
&#xD;
2019-08-14 10:13:48 - [TEST_STEP][PASSED] - delay(1): Delayed 1 second(s)&#xD;
&#xD;
2019-08-14 10:13:49 - [MESSAGE][PASSED] - Delayed 1 second(s)&#xD;
&#xD;
2019-08-14 10:13:49 - [TEST_STEP][PASSED] - click(findTestObject("Template_Variables/Add_TemplateVariable/Image_Template_Type")): Object: 'Object Repository/Template_Variables/Add_TemplateVariable/Image_Template_Type' is clicked on&#xD;
&#xD;
2019-08-14 10:13:52 - [MESSAGE][PASSED] - Object: 'Object Repository/Template_Variables/Add_TemplateVariable/Image_Template_Type' is clicked on&#xD;
&#xD;
2019-08-14 10:13:52 - [TEST_STEP][PASSED] - delay(1): Delayed 1 second(s)&#xD;
&#xD;
2019-08-14 10:13:53 - [MESSAGE][PASSED] - Delayed 1 second(s)&#xD;
&#xD;
2019-08-14 10:13:53 - [TEST_STEP][PASSED] - click(findTestObject("Template_Variables/Add_TemplateVariable/DataType_dd_image")): Object: 'Object Repository/Template_Variables/Add_TemplateVariable/DataType_dd_image' is clicked on&#xD;
&#xD;
2019-08-14 10:13:56 - [MESSAGE][PASSED] - Object: 'Object Repository/Template_Variables/Add_TemplateVariable/DataType_dd_image' is clicked on&#xD;
&#xD;
2019-08-14 10:13:56 - [TEST_STEP][PASSED] - delay(1): Delayed 1 second(s)&#xD;
&#xD;
2019-08-14 10:13:57 - [MESSAGE][PASSED] - Delayed 1 second(s)&#xD;
&#xD;
2019-08-14 10:13:57 - [TEST_STEP][PASSED] - setText(findTestObject("Template_Variables/Add_TemplateVariable/input_Image_s2id_autogen63_search"), "Image"): Text 'Image' is set on object 'Object Repository/Template_Variables/Add_TemplateVariable/input_Image_s2id_autogen63_search'&#xD;
&#xD;
2019-08-14 10:14:02 - [MESSAGE][PASSED] - Text 'Image' is set on object 'Object Repository/Template_Variables/Add_TemplateVariable/input_Image_s2id_autogen63_search'&#xD;
&#xD;
2019-08-14 10:14:02 - [TEST_STEP][PASSED] - click(findTestObject("Template_Variables/Add_TemplateVariable/Data_Type_Option")): Object: 'Object Repository/Template_Variables/Add_TemplateVariable/Data_Type_Option' is clicked on&#xD;
&#xD;
2019-08-14 10:14:04 - [MESSAGE][PASSED] - Object: 'Object Repository/Template_Variables/Add_TemplateVariable/Data_Type_Option' is clicked on&#xD;
&#xD;
2019-08-14 10:14:04 - [TEST_STEP][PASSED] - click(findTestObject("Template_Variables/Add_TemplateVariable/button_Save")): Object: 'Object Repository/Template_Variables/Add_TemplateVariable/button_Save' is clicked on&#xD;
&#xD;
2019-08-14 10:14:07 - [MESSAGE][PASSED] - Object: 'Object Repository/Template_Variables/Add_TemplateVariable/button_Save' is clicked on&#xD;
&#xD;
2019-08-14 10:14:07 - [TEST_STEP][FAILED] - getText(findTestObject("Template_Variables/Add_TemplateVariable/Grid_Name_FirstValue"), STOP_ON_FAILURE): Unable to get text of object 'Object Repository/Template_Variables/Add_TemplateVariable/Grid_Name_FirstValue' (Root cause: com.kms.katalon.core.exception.StepFailedException: Unable to get text of object 'Object Repository/Template_Variables/Add_TemplateVariable/Grid_Name_FirstValue'&#xD;
	at com.kms.katalon.core.webui.keyword.internal.WebUIKeywordMain.stepFailed(WebUIKeywordMain.groovy:64)&#xD;
	at com.kms.katalon.core.webui.keyword.internal.WebUIKeywordMain.runKeyword(WebUIKeywordMain.groovy:26)&#xD;
	at com.kms.katalon.core.webui.keyword.builtin.GetTextKeyword.getText(GetTextKeyword.groovy:88)&#xD;
	at com.kms.katalon.core.webui.keyword.builtin.GetTextKeyword.execute(GetTextKeyword.groovy:67)&#xD;
	at com.kms.katalon.core.keyword.internal.KeywordExecutor.executeKeywordForPlatform(KeywordExecutor.groovy:56)&#xD;
	at com.kms.katalon.core.webui.keyword.WebUiBuiltInKeywords.getText(WebUiBuiltInKeywords.groovy:874)&#xD;
	at com.kms.katalon.core.webui.keyword.WebUiBuiltInKeywords$getText$8.call(Unknown Source)&#xD;
	at Save_template_variables.run(Save_template_variables:44)&#xD;
	at com.kms.katalon.core.main.ScriptEngine.run(ScriptEngine.java:194)&#xD;
	at com.kms.katalon.core.main.ScriptEngine.runScriptAsRawText(ScriptEngine.java:119)&#xD;
	at com.kms.katalon.core.main.TestCaseExecutor.runScript(TestCaseExecutor.java:337)&#xD;
	at com.kms.katalon.core.main.TestCaseExecutor.doExecute(TestCaseExecutor.java:328)&#xD;
	at com.kms.katalon.core.main.TestCaseExecutor.processExecutionPhase(TestCaseExecutor.java:307)&#xD;
	at com.kms.katalon.core.main.TestCaseExecutor.accessMainPhase(TestCaseExecutor.java:299)&#xD;
	at com.kms.katalon.core.main.TestCaseExecutor.execute(TestCaseExecutor.java:233)&#xD;
	at com.kms.katalon.core.main.TestSuiteExecutor.accessTestCaseMainPhase(TestSuiteExecutor.java:133)&#xD;
	at com.kms.katalon.core.main.TestSuiteExecutor.accessTestSuiteMainPhase(TestSuiteExecutor.java:116)&#xD;
	at com.kms.katalon.core.main.TestSuiteExecutor.execute(TestSuiteExecutor.java:83)&#xD;
	at com.kms.katalon.core.main.TestCaseMain.startTestSuite(TestCaseMain.java:157)&#xD;
	at com.kms.katalon.core.main.TestCaseMain$startTestSuite$0.call(Unknown Source)&#xD;
	at TempTestSuite1565773956631.run(TempTestSuite1565773956631.groovy:35)&#xD;
Caused by: org.openqa.selenium.StaleElementReferenceException: The element reference of &lt;td&gt; is stale; either the element is no longer attached to the DOM, it is not in the current frame context, or the document has been refreshed
For documentation on this error, please visit: https://www.seleniumhq.org/exceptions/stale_element_reference.html
Build info: version: '3.141.59', revision: 'e82be7d358', time: '2018-11-14T08:25:53'
System info: host: 'NOTEEG-12802', ip: '192.168.0.10', os.name: 'Windows 10', os.arch: 'amd64', os.version: '10.0', java.version: '1.8.0_181'
Driver info: com.kms.katalon.core.webui.driver.firefox.CGeckoDriver
Capabilities {acceptInsecureCerts: true, browserName: firefox, browserVersion: 67.0.4, javascriptEnabled: true, moz:accessibilityChecks: false, moz:buildID: 20190619235627, moz:geckodriverVersion: 0.23.0, moz:headless: false, moz:processID: 8712, moz:profile: C:\Users\GANSAT\AppData\Loc..., moz:shutdownTimeout: 60000, moz:useNonSpecCompliantPointerOrigin: false, moz:webdriverClick: true, pageLoadStrategy: normal, platform: WINDOWS, platformName: WINDOWS, platformVersion: 10.0, proxy: Proxy(direct), rotatable: false, setWindowRect: true, strictFileInteractability: false, timeouts: {implicit: 0, pageLoad: 300000, script: 30000}, unhandledPromptBehavior: dismiss and notify}
Session ID: 17cfb68c-fbe7-4652-bafb-7f91e59cebd7&#xD;
	at org.openqa.selenium.remote.http.W3CHttpResponseCodec.createException(W3CHttpResponseCodec.java:187)&#xD;
	at org.openqa.selenium.remote.http.W3CHttpResponseCodec.decode(W3CHttpResponseCodec.java:122)&#xD;
	at org.openqa.selenium.remote.http.W3CHttpResponseCodec.decode(W3CHttpResponseCodec.java:49)&#xD;
	at org.openqa.selenium.remote.HttpCommandExecutor.execute(HttpCommandExecutor.java:158)&#xD;
	at org.openqa.selenium.remote.service.DriverCommandExecutor.execute(DriverCommandExecutor.java:83)&#xD;
	at org.openqa.selenium.remote.RemoteWebDriver.execute(RemoteWebDriver.java:552)&#xD;
	at com.kms.katalon.selenium.driver.CFirefoxDriver.execute(CFirefoxDriver.java:28)&#xD;
	at org.openqa.selenium.remote.RemoteWebElement.execute(RemoteWebElement.java:285)&#xD;
	at org.openqa.selenium.remote.RemoteWebElement.getText(RemoteWebElement.java:166)&#xD;
	at com.kms.katalon.core.webui.keyword.builtin.GetTextKeyword$_getText_closure1.doCall(GetTextKeyword.groovy:80)&#xD;
	at com.kms.katalon.core.webui.keyword.builtin.GetTextKeyword$_getText_closure1.call(GetTextKeyword.groovy)&#xD;
	at com.kms.katalon.core.webui.keyword.internal.WebUIKeywordMain.runKeyword(WebUIKeywordMain.groovy:20)&#xD;
	at com.kms.katalon.core.webui.keyword.builtin.GetTextKeyword.getText(GetTextKeyword.groovy:88)&#xD;
	at com.kms.katalon.core.webui.keyword.builtin.GetTextKeyword.execute(GetTextKeyword.groovy:67)&#xD;
	at com.kms.katalon.core.keyword.internal.KeywordExecutor.executeKeywordForPlatform(KeywordExecutor.groovy:56)&#xD;
	at com.kms.katalon.core.webui.keyword.WebUiBuiltInKeywords.getText(WebUiBuiltInKeywords.groovy:874)&#xD;
	at com.kms.katalon.core.webui.keyword.WebUiBuiltInKeywords$getText$8.call(Unknown Source)&#xD;
	at Script1561560905011.run(Script1561560905011.groovy:44)&#xD;
	... 13 more&#xD;
)&#xD;
&#xD;
2019-08-14 10:14:10 - [MESSAGE][FAILED] - Unable to get text of object 'Object Repository/Template_Variables/Add_TemplateVariable/Grid_Name_FirstValue' (Root cause: com.kms.katalon.core.exception.StepFailedException: Unable to get text of object 'Object Repository/Template_Variables/Add_TemplateVariable/Grid_Name_FirstValue'&#xD;
	at com.kms.katalon.core.webui.keyword.internal.WebUIKeywordMain.stepFailed(WebUIKeywordMain.groovy:64)&#xD;
	at com.kms.katalon.core.webui.keyword.internal.WebUIKeywordMain.runKeyword(WebUIKeywordMain.groovy:26)&#xD;
	at com.kms.katalon.core.webui.keyword.builtin.GetTextKeyword.getText(GetTextKeyword.groovy:88)&#xD;
	at com.kms.katalon.core.webui.keyword.builtin.GetTextKeyword.execute(GetTextKeyword.groovy:67)&#xD;
	at com.kms.katalon.core.keyword.internal.KeywordExecutor.executeKeywordForPlatform(KeywordExecutor.groovy:56)&#xD;
	at com.kms.katalon.core.webui.keyword.WebUiBuiltInKeywords.getText(WebUiBuiltInKeywords.groovy:874)&#xD;
	at com.kms.katalon.core.webui.keyword.WebUiBuiltInKeywords$getText$8.call(Unknown Source)&#xD;
	at Save_template_variables.run(Save_template_variables:44)&#xD;
	at com.kms.katalon.core.main.ScriptEngine.run(ScriptEngine.java:194)&#xD;
	at com.kms.katalon.core.main.ScriptEngine.runScriptAsRawText(ScriptEngine.java:119)&#xD;
	at com.kms.katalon.core.main.TestCaseExecutor.runScript(TestCaseExecutor.java:337)&#xD;
	at com.kms.katalon.core.main.TestCaseExecutor.doExecute(TestCaseExecutor.java:328)&#xD;
	at com.kms.katalon.core.main.TestCaseExecutor.processExecutionPhase(TestCaseExecutor.java:307)&#xD;
	at com.kms.katalon.core.main.TestCaseExecutor.accessMainPhase(TestCaseExecutor.java:299)&#xD;
	at com.kms.katalon.core.main.TestCaseExecutor.execute(TestCaseExecutor.java:233)&#xD;
	at com.kms.katalon.core.main.TestSuiteExecutor.accessTestCaseMainPhase(TestSuiteExecutor.java:133)&#xD;
	at com.kms.katalon.core.main.TestSuiteExecutor.accessTestSuiteMainPhase(TestSuiteExecutor.java:116)&#xD;
	at com.kms.katalon.core.main.TestSuiteExecutor.execute(TestSuiteExecutor.java:83)&#xD;
	at com.kms.katalon.core.main.TestCaseMain.startTestSuite(TestCaseMain.java:157)&#xD;
	at com.kms.katalon.core.main.TestCaseMain$startTestSuite$0.call(Unknown Source)&#xD;
	at TempTestSuite1565773956631.run(TempTestSuite1565773956631.groovy:35)&#xD;
Caused by: org.openqa.selenium.StaleElementReferenceException: The element reference of &lt;td&gt; is stale; either the element is no longer attached to the DOM, it is not in the current frame context, or the document has been refreshed
For documentation on this error, please visit: https://www.seleniumhq.org/exceptions/stale_element_reference.html
Build info: version: '3.141.59', revision: 'e82be7d358', time: '2018-11-14T08:25:53'
System info: host: 'NOTEEG-12802', ip: '192.168.0.10', os.name: 'Windows 10', os.arch: 'amd64', os.version: '10.0', java.version: '1.8.0_181'
Driver info: com.kms.katalon.core.webui.driver.firefox.CGeckoDriver
Capabilities {acceptInsecureCerts: true, browserName: firefox, browserVersion: 67.0.4, javascriptEnabled: true, moz:accessibilityChecks: false, moz:buildID: 20190619235627, moz:geckodriverVersion: 0.23.0, moz:headless: false, moz:processID: 8712, moz:profile: C:\Users\GANSAT\AppData\Loc..., moz:shutdownTimeout: 60000, moz:useNonSpecCompliantPointerOrigin: false, moz:webdriverClick: true, pageLoadStrategy: normal, platform: WINDOWS, platformName: WINDOWS, platformVersion: 10.0, proxy: Proxy(direct), rotatable: false, setWindowRect: true, strictFileInteractability: false, timeouts: {implicit: 0, pageLoad: 300000, script: 30000}, unhandledPromptBehavior: dismiss and notify}
Session ID: 17cfb68c-fbe7-4652-bafb-7f91e59cebd7&#xD;
	at org.openqa.selenium.remote.http.W3CHttpResponseCodec.createException(W3CHttpResponseCodec.java:187)&#xD;
	at org.openqa.selenium.remote.http.W3CHttpResponseCodec.decode(W3CHttpResponseCodec.java:122)&#xD;
	at org.openqa.selenium.remote.http.W3CHttpResponseCodec.decode(W3CHttpResponseCodec.java:49)&#xD;
	at org.openqa.selenium.remote.HttpCommandExecutor.execute(HttpCommandExecutor.java:158)&#xD;
	at org.openqa.selenium.remote.service.DriverCommandExecutor.execute(DriverCommandExecutor.java:83)&#xD;
	at org.openqa.selenium.remote.RemoteWebDriver.execute(RemoteWebDriver.java:552)&#xD;
	at com.kms.katalon.selenium.driver.CFirefoxDriver.execute(CFirefoxDriver.java:28)&#xD;
	at org.openqa.selenium.remote.RemoteWebElement.execute(RemoteWebElement.java:285)&#xD;
	at org.openqa.selenium.remote.RemoteWebElement.getText(RemoteWebElement.java:166)&#xD;
	at com.kms.katalon.core.webui.keyword.builtin.GetTextKeyword$_getText_closure1.doCall(GetTextKeyword.groovy:80)&#xD;
	at com.kms.katalon.core.webui.keyword.builtin.GetTextKeyword$_getText_closure1.call(GetTextKeyword.groovy)&#xD;
	at com.kms.katalon.core.webui.keyword.internal.WebUIKeywordMain.runKeyword(WebUIKeywordMain.groovy:20)&#xD;
	at com.kms.katalon.core.webui.keyword.builtin.GetTextKeyword.getText(GetTextKeyword.groovy:88)&#xD;
	at com.kms.katalon.core.webui.keyword.builtin.GetTextKeyword.execute(GetTextKeyword.groovy:67)&#xD;
	at com.kms.katalon.core.keyword.internal.KeywordExecutor.executeKeywordForPlatform(KeywordExecutor.groovy:56)&#xD;
	at com.kms.katalon.core.webui.keyword.WebUiBuiltInKeywords.getText(WebUiBuiltInKeywords.groovy:874)&#xD;
	at com.kms.katalon.core.webui.keyword.WebUiBuiltInKeywords$getText$8.call(Unknown Source)&#xD;
	at Script1561560905011.run(Script1561560905011.groovy:44)&#xD;
	... 13 more&#xD;
)&#xD;
[[ATTACHMENT|C:\\Users\\GANSAT\\Katalon Studio\\Adzu\\Reports\\Template Variable\\Add New Material\\20190814_101236\\1565774049481.png]]</system-out>
            <system-err>2019-08-14 10:13:35 - [TEST_CASE][FAILED] - Test Cases/Template Variables/Save_template_variables: Test Cases/Template Variables/Save_template_variables FAILED.
Reason:
com.kms.katalon.core.exception.StepFailedException: Unable to get text of object 'Object Repository/Template_Variables/Add_TemplateVariable/Grid_Name_FirstValue'&#xD;
	at com.kms.katalon.core.webui.keyword.internal.WebUIKeywordMain.stepFailed(WebUIKeywordMain.groovy:64)&#xD;
	at com.kms.katalon.core.webui.keyword.internal.WebUIKeywordMain.runKeyword(WebUIKeywordMain.groovy:26)&#xD;
	at com.kms.katalon.core.webui.keyword.builtin.GetTextKeyword.getText(GetTextKeyword.groovy:88)&#xD;
	at com.kms.katalon.core.webui.keyword.builtin.GetTextKeyword.execute(GetTextKeyword.groovy:67)&#xD;
	at com.kms.katalon.core.keyword.internal.KeywordExecutor.executeKeywordForPlatform(KeywordExecutor.groovy:56)&#xD;
	at com.kms.katalon.core.webui.keyword.WebUiBuiltInKeywords.getText(WebUiBuiltInKeywords.groovy:874)&#xD;
	at com.kms.katalon.core.webui.keyword.WebUiBuiltInKeywords$getText$8.call(Unknown Source)&#xD;
	at Save_template_variables.run(Save_template_variables:44)&#xD;
	at com.kms.katalon.core.main.ScriptEngine.run(ScriptEngine.java:194)&#xD;
	at com.kms.katalon.core.main.ScriptEngine.runScriptAsRawText(ScriptEngine.java:119)&#xD;
	at com.kms.katalon.core.main.TestCaseExecutor.runScript(TestCaseExecutor.java:337)&#xD;
	at com.kms.katalon.core.main.TestCaseExecutor.doExecute(TestCaseExecutor.java:328)&#xD;
	at com.kms.katalon.core.main.TestCaseExecutor.processExecutionPhase(TestCaseExecutor.java:307)&#xD;
	at com.kms.katalon.core.main.TestCaseExecutor.accessMainPhase(TestCaseExecutor.java:299)&#xD;
	at com.kms.katalon.core.main.TestCaseExecutor.execute(TestCaseExecutor.java:233)&#xD;
	at com.kms.katalon.core.main.TestSuiteExecutor.accessTestCaseMainPhase(TestSuiteExecutor.java:133)&#xD;
	at com.kms.katalon.core.main.TestSuiteExecutor.accessTestSuiteMainPhase(TestSuiteExecutor.java:116)&#xD;
	at com.kms.katalon.core.main.TestSuiteExecutor.execute(TestSuiteExecutor.java:83)&#xD;
	at com.kms.katalon.core.main.TestCaseMain.startTestSuite(TestCaseMain.java:157)&#xD;
	at com.kms.katalon.core.main.TestCaseMain$startTestSuite$0.call(Unknown Source)&#xD;
	at TempTestSuite1565773956631.run(TempTestSuite1565773956631.groovy:35)&#xD;
Caused by: org.openqa.selenium.StaleElementReferenceException: The element reference of &lt;td&gt; is stale; either the element is no longer attached to the DOM, it is not in the current frame context, or the document has been refreshed
For documentation on this error, please visit: https://www.seleniumhq.org/exceptions/stale_element_reference.html
Build info: version: '3.141.59', revision: 'e82be7d358', time: '2018-11-14T08:25:53'
System info: host: 'NOTEEG-12802', ip: '192.168.0.10', os.name: 'Windows 10', os.arch: 'amd64', os.version: '10.0', java.version: '1.8.0_181'
Driver info: com.kms.katalon.core.webui.driver.firefox.CGeckoDriver
Capabilities {acceptInsecureCerts: true, browserName: firefox, browserVersion: 67.0.4, javascriptEnabled: true, moz:accessibilityChecks: false, moz:buildID: 20190619235627, moz:geckodriverVersion: 0.23.0, moz:headless: false, moz:processID: 8712, moz:profile: C:\Users\GANSAT\AppData\Loc..., moz:shutdownTimeout: 60000, moz:useNonSpecCompliantPointerOrigin: false, moz:webdriverClick: true, pageLoadStrategy: normal, platform: WINDOWS, platformName: WINDOWS, platformVersion: 10.0, proxy: Proxy(direct), rotatable: false, setWindowRect: true, strictFileInteractability: false, timeouts: {implicit: 0, pageLoad: 300000, script: 30000}, unhandledPromptBehavior: dismiss and notify}
Session ID: 17cfb68c-fbe7-4652-bafb-7f91e59cebd7&#xD;
	at org.openqa.selenium.remote.http.W3CHttpResponseCodec.createException(W3CHttpResponseCodec.java:187)&#xD;
	at org.openqa.selenium.remote.http.W3CHttpResponseCodec.decode(W3CHttpResponseCodec.java:122)&#xD;
	at org.openqa.selenium.remote.http.W3CHttpResponseCodec.decode(W3CHttpResponseCodec.java:49)&#xD;
	at org.openqa.selenium.remote.HttpCommandExecutor.execute(HttpCommandExecutor.java:158)&#xD;
	at org.openqa.selenium.remote.service.DriverCommandExecutor.execute(DriverCommandExecutor.java:83)&#xD;
	at org.openqa.selenium.remote.RemoteWebDriver.execute(RemoteWebDriver.java:552)&#xD;
	at com.kms.katalon.selenium.driver.CFirefoxDriver.execute(CFirefoxDriver.java:28)&#xD;
	at org.openqa.selenium.remote.RemoteWebElement.execute(RemoteWebElement.java:285)&#xD;
	at org.openqa.selenium.remote.RemoteWebElement.getText(RemoteWebElement.java:166)&#xD;
	at com.kms.katalon.core.webui.keyword.builtin.GetTextKeyword$_getText_closure1.doCall(GetTextKeyword.groovy:80)&#xD;
	at com.kms.katalon.core.webui.keyword.builtin.GetTextKeyword$_getText_closure1.call(GetTextKeyword.groovy)&#xD;
	at com.kms.katalon.core.webui.keyword.internal.WebUIKeywordMain.runKeyword(WebUIKeywordMain.groovy:20)&#xD;
	... 19 more</system-err>
        </testcase>
        <testcase name="Test Cases/Application - Login/Logout" classname="Test Cases/Application - Login/Logout" status="PASSED">
            <system-out>2019-08-14 10:14:13 - [TEST_CASE][PASSED] - Test Cases/Application - Login/Logout: Test Cases/Application - Login/Logout&#xD;
&#xD;
2019-08-14 10:14:13 - [TEST_STEP][PASSED] - click(findTestObject("Page_Base/Home Page/Page_Base/span_Satinder")): Object: 'Object Repository/Page_Base/Home Page/Page_Base/span_Satinder' is clicked on&#xD;
&#xD;
2019-08-14 10:14:16 - [MESSAGE][PASSED] - Object: 'Object Repository/Page_Base/Home Page/Page_Base/span_Satinder' is clicked on&#xD;
&#xD;
2019-08-14 10:14:16 - [TEST_STEP][PASSED] - delay(1): Delayed 1 second(s)&#xD;
&#xD;
2019-08-14 10:14:17 - [MESSAGE][PASSED] - Delayed 1 second(s)&#xD;
&#xD;
2019-08-14 10:14:17 - [TEST_STEP][PASSED] - click(findTestObject("Login/Logout")): Object: 'Object Repository/Login/Logout' is clicked on&#xD;
&#xD;
2019-08-14 10:14:19 - [MESSAGE][PASSED] - Object: 'Object Repository/Login/Logout' is clicked on&#xD;
&#xD;
2019-08-14 10:14:19 - [TEST_STEP][PASSED] - delay(1): Delayed 1 second(s)&#xD;
&#xD;
2019-08-14 10:14:20 - [MESSAGE][PASSED] - Delayed 1 second(s)&#xD;
&#xD;
2019-08-14 10:14:20 - [TEST_STEP][PASSED] - click(findTestObject("Login/Ok Button in Confirmation")): Object: 'Object Repository/Login/Ok Button in Confirmation' is clicked on&#xD;
&#xD;
2019-08-14 10:14:22 - [MESSAGE][PASSED] - Object: 'Object Repository/Login/Ok Button in Confirmation' is clicked on&#xD;
&#xD;
2019-08-14 10:14:22 - [TEST_STEP][PASSED] - waitForPageLoad(1): Wait for page load successfully&#xD;
&#xD;
2019-08-14 10:14:23 - [MESSAGE][PASSED] - Wait for page load successfully&#xD;
&#xD;
2019-08-14 10:14:23 - [TEST_STEP][PASSED] - closeBrowser(): Browser is closed&#xD;
&#xD;
2019-08-14 10:14:27 - [MESSAGE][PASSED] - Browser is closed</system-out>
            <system-err></system-err>
        </testcase>
        <system-out>2019-08-14 10:12:41 - [TEST_SUITE][INCOMPLETE] - Add New Material: null</system-out>
        <system-err>2019-08-14 10:12:41 - [TEST_SUITE][INCOMPLETE] - Add New Material: null</system-err>
    </testsuite>
</testsuites>
